<?xml version="1.0" encoding="UTF-8"?>
<testng-results ignored="0" total="2" passed="2" failed="0" skipped="0">
  <reporter-output>
  </reporter-output>
  <suite started-at="2025-01-20T20:25:28 IST" name="Default suite" finished-at="2025-01-20T20:25:28 IST" duration-ms="58">
    <groups>
    </groups>
    <test started-at="2025-01-20T20:25:28 IST" name="Default test" finished-at="2025-01-20T20:25:28 IST" duration-ms="58">
      <class name="learnTestNG.WebTesting">
        <test-method is-config="true" signature="beforeTest()[pri:0, instance:learnTestNG.WebTesting@42a48628]" started-at="2025-01-20T20:25:28 IST" name="beforeTest" finished-at="2025-01-20T20:25:28 IST" duration-ms="9" status="PASS">
          <reporter-output>
          </reporter-output>
        </test-method> <!-- beforeTest -->
        <test-method is-config="true" signature="beforeMethod()[pri:0, instance:learnTestNG.WebTesting@42a48628]" started-at="2025-01-20T20:25:28 IST" name="beforeMethod" finished-at="2025-01-20T20:25:28 IST" duration-ms="0" status="PASS">
          <reporter-output>
          </reporter-output>
        </test-method> <!-- beforeMethod -->
        <test-method signature="myFirstWebTest()[pri:0, instance:learnTestNG.WebTesting@42a48628]" started-at="2025-01-20T20:25:28 IST" name="myFirstWebTest" finished-at="2025-01-20T20:25:28 IST" duration-ms="5" status="PASS">
          <reporter-output>
          </reporter-output>
        </test-method> <!-- myFirstWebTest -->
        <test-method is-config="true" signature="afterMethod()[pri:0, instance:learnTestNG.WebTesting@42a48628]" started-at="2025-01-20T20:25:28 IST" name="afterMethod" finished-at="2025-01-20T20:25:28 IST" duration-ms="1" status="PASS">
          <reporter-output>
          </reporter-output>
        </test-method> <!-- afterMethod -->
        <test-method is-config="true" signature="beforeMethod()[pri:0, instance:learnTestNG.WebTesting@42a48628]" started-at="2025-01-20T20:25:28 IST" name="beforeMethod" finished-at="2025-01-20T20:25:28 IST" duration-ms="1" status="PASS">
          <reporter-output>
          </reporter-output>
        </test-method> <!-- beforeMethod -->
        <test-method signature="mySecondWebTest()[pri:0, instance:learnTestNG.WebTesting@42a48628]" started-at="2025-01-20T20:25:28 IST" name="mySecondWebTest" finished-at="2025-01-20T20:25:28 IST" duration-ms="1" status="PASS">
          <reporter-output>
          </reporter-output>
        </test-method> <!-- mySecondWebTest -->
        <test-method is-config="true" signature="afterMethod()[pri:0, instance:learnTestNG.WebTesting@42a48628]" started-at="2025-01-20T20:25:28 IST" name="afterMethod" finished-at="2025-01-20T20:25:28 IST" duration-ms="0" status="PASS">
          <reporter-output>
          </reporter-output>
        </test-method> <!-- afterMethod -->
        <test-method is-config="true" signature="afterTest()[pri:0, instance:learnTestNG.WebTesting@42a48628]" started-at="2025-01-20T20:25:28 IST" name="afterTest" finished-at="2025-01-20T20:25:28 IST" duration-ms="1" status="PASS">
          <reporter-output>
          </reporter-output>
        </test-method> <!-- afterTest -->
      </class> <!-- learnTestNG.WebTesting -->
    </test> <!-- Default test -->
  </suite> <!-- Default suite -->
</testng-results>
